azure-arm output will be in this color.

==> azure-arm: Preparing builder ...
    azure-arm: Creating Azure Resource Manager (ARM) client ...
==> azure-arm: Creating resource group ...
==> azure-arm:  -> ResourceGroupName : 'packer-Resource-Group-**********'
==> azure-arm:  -> Location          : 'West US'
==> azure-arm: Validating deployment template ...
==> azure-arm:  -> ResourceGroupName : 'packer-Resource-Group-*********'
==> azure-arm:  -> DeploymentName    : 'pkrdp*********'
==> azure-arm: Deploying deployment template ...
==> azure-arm:  -> ResourceGroupName : 'packer-Resource-Group-*********'
==> azure-arm:  -> DeploymentName    : 'pkrdp*********'
==> azure-arm: Getting the public IP address ...
==> azure-arm:  -> ResourceGroupName   : 'packer-Resource-Group-*********'
==> azure-arm:  -> PublicIPAddressName : 'packerPublicIP'
==> azure-arm:  -> Public IP           : '**.**.**.**'
==> azure-arm: Waiting for SSH to become available...
==> azure-arm: Connected to SSH!
==> azure-arm: Provisioning with shell script: C:\Users\*********\AppData\Local\Temp\packer-shell339594343
    azure-arm: Hit:1 http://azure.archive.ubuntu.com/ubuntu xenial InRelease
    azure-arm: Get:2 http://azure.archive.ubuntu.com/ubuntu xenial-updates InRelease [102 kB]
    azure-arm: Get:3 http://azure.archive.ubuntu.com/ubuntu xenial-backports InRelease [102 kB]
    azure-arm: Get:4 http://security.ubuntu.com/ubuntu xenial-security InRelease [102 kB]
    azure-arm: Get:5 http://azure.archive.ubuntu.com/ubuntu xenial/main Sources [868 kB]
    azure-arm: Get:6 http://azure.archive.ubuntu.com/ubuntu xenial/restricted Sources [4,808 B]
    azure-arm: Get:7 http://azure.archive.ubuntu.com/ubuntu xenial/universe Sources [7,728 kB]
    azure-arm: Get:8 http://azure.archive.ubuntu.com/ubuntu xenial/multiverse Sources [179 kB]
    azure-arm: Get:9 http://azure.archive.ubuntu.com/ubuntu xenial-updates/main Sources [210 kB]
    azure-arm: Get:10 http://azure.archive.ubuntu.com/ubuntu xenial-updates/restricted Sources [1,804 B]
    azure-arm: Get:11 http://azure.archive.ubuntu.com/ubuntu xenial-updates/universe Sources [112 kB]
    azure-arm: Get:12 http://azure.archive.ubuntu.com/ubuntu xenial-updates/multiverse Sources [3,648 B]
    azure-arm: Get:13 http://azure.archive.ubuntu.com/ubuntu xenial-updates/main amd64 Packages [440 kB]
    azure-arm: Get:14 http://azure.archive.ubuntu.com/ubuntu xenial-updates/main Translation-en [171 kB]
    azure-arm: Get:15 http://azure.archive.ubuntu.com/ubuntu xenial-updates/universe amd64 Packages [368 kB]
    azure-arm: Get:16 http://azure.archive.ubuntu.com/ubuntu xenial-updates/universe Translation-en [134 kB]
    azure-arm: Get:17 http://azure.archive.ubuntu.com/ubuntu xenial-updates/multiverse amd64 Packages [7,384 B]
    azure-arm: Get:18 http://azure.archive.ubuntu.com/ubuntu xenial-updates/multiverse Translation-en [2,988 B]
    azure-arm: Get:19 http://azure.archive.ubuntu.com/ubuntu xenial-backports/main Sources [3,252 B]
    azure-arm: Get:20 http://azure.archive.ubuntu.com/ubuntu xenial-backports/universe Sources [1,868 B]
    azure-arm: Get:21 http://azure.archive.ubuntu.com/ubuntu xenial-backports/main amd64 Packages [4,396 B]
    azure-arm: Get:22 http://azure.archive.ubuntu.com/ubuntu xenial-backports/main Translation-en [3,104 B]
    azure-arm: Get:23 http://azure.archive.ubuntu.com/ubuntu xenial-backports/universe amd64 Packages [2,412 B]
    azure-arm: Get:24 http://azure.archive.ubuntu.com/ubuntu xenial-backports/universe Translation-en [1,216 B]
    azure-arm: Get:25 http://security.ubuntu.com/ubuntu xenial-security/main Sources [52.5 kB]
    azure-arm: Get:26 http://security.ubuntu.com/ubuntu xenial-security/restricted Sources [1,804 B]
    azure-arm: Get:27 http://security.ubuntu.com/ubuntu xenial-security/universe Sources [14.9 kB]
    azure-arm: Get:28 http://security.ubuntu.com/ubuntu xenial-security/multiverse Sources [728 B]
    azure-arm: Get:29 http://security.ubuntu.com/ubuntu xenial-security/main amd64 Packages [189 kB]
    azure-arm: Get:30 http://security.ubuntu.com/ubuntu xenial-security/main Translation-en [77.7 kB]
    azure-arm: Get:31 http://security.ubuntu.com/ubuntu xenial-security/universe amd64 Packages [64.5 kB]
    azure-arm: Get:32 http://security.ubuntu.com/ubuntu xenial-security/universe Translation-en [35.1 kB]
    azure-arm: Fetched 11.0 MB in 4s (2,399 kB/s)
    azure-arm: Reading package lists...
    azure-arm: Reading package lists...
    azure-arm: Building dependency tree...
    azure-arm: Reading state information...
    azure-arm: Calculating upgrade...
    azure-arm: The following packages have been kept back:
    azure-arm: linux-cloud-tools-virtual linux-headers-generic linux-headers-virtual
    azure-arm: linux-image-extra-virtual linux-image-generic linux-image-virtual
    azure-arm: linux-virtual
    azure-arm: The following packages will be upgraded:
    azure-arm: apport bind9-host cloud-init dnsutils isc-dhcp-client isc-dhcp-common
    azure-arm: libbind9-140 libc-bin libc6 libdns-export162 libdns162 libisc-export160
    azure-arm: libisc160 libisccc140 libisccfg140 liblwres141 liblxc1 libprocps4
    azure-arm: libpython2.7 libpython2.7-minimal libpython2.7-stdlib libpython3.5
    azure-arm: libpython3.5-minimal libpython3.5-stdlib linux-cloud-tools-common
    azure-arm: linux-firmware locales lxc-common lxd lxd-client multiarch-support
    azure-arm: open-iscsi procps python2.7 python2.7-minimal python3-apport
    azure-arm: python3-cryptography python3-distupgrade python3-problem-report python3.5
    azure-arm: python3.5-minimal snapd tar tzdata ubuntu-release-upgrader-core
    azure-arm: unattended-upgrades vim vim-common vim-runtime vim-tiny walinuxagent
    azure-arm: 51 upgraded, 0 newly installed, 0 to remove and 7 not upgraded.
    azure-arm: Need to get 77.3 MB of archives.
    azure-arm: After this operation, 32.8 MB of additional disk space will be used.
    azure-arm: Get:1 http://azure.archive.ubuntu.com/ubuntu xenial-updates/main amd64 tar amd64 1.28-2.1ubuntu0.1 [209 kB]
    azure-arm: Get:2 http://azure.archive.ubuntu.com/ubuntu xenial-updates/main amd64 libc6 amd64 2.23-0ubuntu5 [2,589 kB]
    azure-arm: Get:3 http://azure.archive.ubuntu.com/ubuntu xenial-updates/main amd64 locales all 2.23-0ubuntu5 [3,215 kB]
    azure-arm: Get:4 http://azure.archive.ubuntu.com/ubuntu xenial-updates/main amd64 libc-bin amd64 2.23-0ubuntu5 [638 kB]
    azure-arm: Get:5 http://azure.archive.ubuntu.com/ubuntu xenial-updates/main amd64 libpython3.5 amd64 3.5.2-2ubuntu0~16.04.1 [1,360 kB]
    azure-arm: Get:6 http://azure.archive.ubuntu.com/ubuntu xenial-updates/main amd64 python3.5 amd64 3.5.2-2ubuntu0~16.04.1 [165 kB]
    azure-arm: Get:7 http://azure.archive.ubuntu.com/ubuntu xenial-updates/main amd64 libpython3.5-stdlib amd64 3.5.2-2ubuntu0~16.04.1 [2,130 kB]
    azure-arm: Get:8 http://azure.archive.ubuntu.com/ubuntu xenial-updates/main amd64 python3.5-minimal amd64 3.5.2-2ubuntu0~16.04.1 [1,597 kB]
    azure-arm: Get:9 http://azure.archive.ubuntu.com/ubuntu xenial-updates/main amd64 libpython3.5-minimal amd64 3.5.2-2ubuntu0~16.04.1 [526 kB]
    azure-arm: Get:10 http://azure.archive.ubuntu.com/ubuntu xenial-updates/main amd64 liblxc1 amd64 2.0.5-0ubuntu1~ubuntu16.04.3 [204 kB]
    azure-arm: Get:11 http://azure.archive.ubuntu.com/ubuntu xenial-updates/main amd64 lxc-common amd64 2.0.5-0ubuntu1~ubuntu16.04.3 [27.7 kB]
    azure-arm: Get:12 http://azure.archive.ubuntu.com/ubuntu xenial-updates/main amd64 lxd-client amd64 2.0.8-0ubuntu1~ubuntu16.04.2 [1,858 kB]
    azure-arm: Get:13 http://azure.archive.ubuntu.com/ubuntu xenial-updates/main amd64 lxd amd64 2.0.8-0ubuntu1~ubuntu16.04.2 [3,350 kB]
    azure-arm: Get:14 http://azure.archive.ubuntu.com/ubuntu xenial-updates/main amd64 open-iscsi amd64 2.0.873+git0.3b4b4500-14ubuntu3.2 [335 kB]
    azure-arm: Get:15 http://azure.archive.ubuntu.com/ubuntu xenial-updates/main amd64 libpython2.7 amd64 2.7.12-1ubuntu0~16.04.1 [1,070 kB]
    azure-arm: Get:16 http://azure.archive.ubuntu.com/ubuntu xenial-updates/main amd64 python2.7 amd64 2.7.12-1ubuntu0~16.04.1 [224 kB]
    azure-arm: Get:17 http://azure.archive.ubuntu.com/ubuntu xenial-updates/main amd64 libpython2.7-stdlib amd64 2.7.12-1ubuntu0~16.04.1 [1,884 kB]
    azure-arm: Get:18 http://azure.archive.ubuntu.com/ubuntu xenial-updates/main amd64 python2.7-minimal amd64 2.7.12-1ubuntu0~16.04.1 [1,295 kB]
    azure-arm: Get:19 http://azure.archive.ubuntu.com/ubuntu xenial-updates/main amd64 libpython2.7-minimal amd64 2.7.12-1ubuntu0~16.04.1 [339 kB]
    azure-arm: Get:20 http://azure.archive.ubuntu.com/ubuntu xenial-updates/main amd64 multiarch-support amd64 2.23-0ubuntu5 [6,832 B]
    azure-arm: Get:21 http://azure.archive.ubuntu.com/ubuntu xenial-updates/main amd64 libprocps4 amd64 2:3.3.10-4ubuntu2.3 [32.8 kB]
    azure-arm: Get:22 http://azure.archive.ubuntu.com/ubuntu xenial-updates/main amd64 procps amd64 2:3.3.10-4ubuntu2.3 [222 kB]
    azure-arm: Get:23 http://azure.archive.ubuntu.com/ubuntu xenial-updates/main amd64 tzdata all 2016j-0ubuntu0.16.04 [168 kB]
    azure-arm: Get:24 http://azure.archive.ubuntu.com/ubuntu xenial-updates/main amd64 libisc-export160 amd64 1:9.10.3.dfsg.P4-8ubuntu1.3 [152 kB]
    azure-arm: Get:25 http://azure.archive.ubuntu.com/ubuntu xenial-updates/main amd64 libdns-export162 amd64 1:9.10.3.dfsg.P4-8ubuntu1.3 [666 kB]
    azure-arm: Get:26 http://azure.archive.ubuntu.com/ubuntu xenial-updates/main amd64 isc-dhcp-client amd64 4.3.3-5ubuntu12.4 [223 kB]
    azure-arm: Get:27 http://azure.archive.ubuntu.com/ubuntu xenial-updates/main amd64 isc-dhcp-common amd64 4.3.3-5ubuntu12.4 [104 kB]
    azure-arm: Get:28 http://azure.archive.ubuntu.com/ubuntu xenial-updates/main amd64 vim amd64 2:7.4.1689-3ubuntu1.2 [1,036 kB]
    azure-arm: Get:29 http://azure.archive.ubuntu.com/ubuntu xenial-updates/main amd64 vim-tiny amd64 2:7.4.1689-3ubuntu1.2 [445 kB]
    azure-arm: Get:30 http://azure.archive.ubuntu.com/ubuntu xenial-updates/main amd64 vim-runtime all 2:7.4.1689-3ubuntu1.2 [5,164 kB]
    azure-arm: Get:31 http://azure.archive.ubuntu.com/ubuntu xenial-updates/main amd64 vim-common amd64 2:7.4.1689-3ubuntu1.2 [103 kB]
    azure-arm: Get:32 http://azure.archive.ubuntu.com/ubuntu xenial-updates/main amd64 dnsutils amd64 1:9.10.3.dfsg.P4-8ubuntu1.3 [89.2 kB]
    azure-arm: Get:33 http://azure.archive.ubuntu.com/ubuntu xenial-updates/main amd64 bind9-host amd64 1:9.10.3.dfsg.P4-8ubuntu1.3 [38.4 kB]
    azure-arm: Get:34 http://azure.archive.ubuntu.com/ubuntu xenial-updates/main amd64 libisc160 amd64 1:9.10.3.dfsg.P4-8ubuntu1.3 [214 kB]
    azure-arm: Get:35 http://azure.archive.ubuntu.com/ubuntu xenial-updates/main amd64 libdns162 amd64 1:9.10.3.dfsg.P4-8ubuntu1.3 [877 kB]
    azure-arm: Get:36 http://azure.archive.ubuntu.com/ubuntu xenial-updates/main amd64 libisccc140 amd64 1:9.10.3.dfsg.P4-8ubuntu1.3 [16.3 kB]
    azure-arm: Get:37 http://azure.archive.ubuntu.com/ubuntu xenial-updates/main amd64 libisccfg140 amd64 1:9.10.3.dfsg.P4-8ubuntu1.3 [40.6 kB]
    azure-arm: Get:38 http://azure.archive.ubuntu.com/ubuntu xenial-updates/main amd64 liblwres141 amd64 1:9.10.3.dfsg.P4-8ubuntu1.3 [33.0 kB]
    azure-arm: Get:39 http://azure.archive.ubuntu.com/ubuntu xenial-updates/main amd64 libbind9-140 amd64 1:9.10.3.dfsg.P4-8ubuntu1.3 [23.6 kB]
    azure-arm: Get:40 http://azure.archive.ubuntu.com/ubuntu xenial-updates/main amd64 ubuntu-release-upgrader-core all 1:16.04.19 [29.3 kB]
    azure-arm: Get:41 http://azure.archive.ubuntu.com/ubuntu xenial-updates/main amd64 python3-distupgrade all 1:16.04.19 [104 kB]
    azure-arm: Get:42 http://azure.archive.ubuntu.com/ubuntu xenial-updates/main amd64 python3-problem-report all 2.20.1-0ubuntu2.2 [9,894 B]
    azure-arm: Get:43 http://azure.archive.ubuntu.com/ubuntu xenial-updates/main amd64 python3-apport all 2.20.1-0ubuntu2.2 [79.5 kB]
    azure-arm: Get:44 http://azure.archive.ubuntu.com/ubuntu xenial-updates/main amd64 apport all 2.20.1-0ubuntu2.2 [120 kB]
    azure-arm: Get:45 http://azure.archive.ubuntu.com/ubuntu xenial-updates/main amd64 linux-cloud-tools-common all 4.4.0-53.74 [26.0 kB]
    azure-arm: Get:46 http://azure.archive.ubuntu.com/ubuntu xenial-updates/main amd64 linux-firmware all 1.157.5 [37.5 MB]
    azure-arm: Get:47 http://azure.archive.ubuntu.com/ubuntu xenial-updates/main amd64 python3-cryptography amd64 1.2.3-1ubuntu0.1 [199 kB]
    azure-arm: Get:48 http://azure.archive.ubuntu.com/ubuntu xenial-updates/main amd64 snapd amd64 2.17.1ubuntu1 [6,115 kB]
    azure-arm: Get:49 http://azure.archive.ubuntu.com/ubuntu xenial-updates/main amd64 unattended-upgrades all 0.90ubuntu0.2 [31.7 kB]
    azure-arm: Get:50 http://azure.archive.ubuntu.com/ubuntu xenial-updates/main amd64 cloud-init all 0.7.8-49-g9e904bb-0ubuntu1~16.04.1 [288 kB]
    azure-arm: Get:51 http://azure.archive.ubuntu.com/ubuntu xenial-updates/main amd64 walinuxagent amd64 2.1.5-0ubuntu4~16.04.0 [123 kB]
    azure-arm: debconf: unable to initialize frontend: Dialog
    azure-arm: debconf: (Dialog frontend will not work on a dumb terminal, an emacs shell buffer, or without a controlling terminal.)
    azure-arm: debconf: falling back to frontend: Readline
    azure-arm: debconf: unable to initialize frontend: Readline
    azure-arm: debconf: (This frontend requires a controlling tty.)
    azure-arm: debconf: falling back to frontend: Teletype
    azure-arm: dpkg-preconfigure: unable to re-open stdin:
    azure-arm: Fetched 77.3 MB in 3s (24.5 MB/s)
    azure-arm: (Reading database ... 61252 files and directories currently installed.)
    azure-arm: Preparing to unpack .../tar_1.28-2.1ubuntu0.1_amd64.deb ...
    azure-arm: Unpacking tar (1.28-2.1ubuntu0.1) over (1.28-2.1) ...
    azure-arm: Processing triggers for man-db (2.7.5-1) ...
    azure-arm: Processing triggers for mime-support (3.59ubuntu1) ...
    azure-arm: Setting up tar (1.28-2.1ubuntu0.1) ...
    azure-arm: (Reading database ... 61252 files and directories currently installed.)
    azure-arm: Preparing to unpack .../libc6_2.23-0ubuntu5_amd64.deb ...
    azure-arm: debconf: unable to initialize frontend: Dialog
    azure-arm: debconf: (Dialog frontend will not work on a dumb terminal, an emacs shell buffer, or without a controlling terminal.)
    azure-arm: debconf: falling back to frontend: Readline
    azure-arm: Unpacking libc6:amd64 (2.23-0ubuntu5) over (2.23-0ubuntu4) ...
    azure-arm: Setting up libc6:amd64 (2.23-0ubuntu5) ...
    azure-arm: debconf: unable to initialize frontend: Dialog
    azure-arm: debconf: (Dialog frontend will not work on a dumb terminal, an emacs shell buffer, or without a controlling terminal.)
    azure-arm: debconf: falling back to frontend: Readline
    azure-arm: Processing triggers for libc-bin (2.23-0ubuntu4) ...
    azure-arm: (Reading database ... 61252 files and directories currently installed.)
    azure-arm: Preparing to unpack .../locales_2.23-0ubuntu5_all.deb ...
    azure-arm: Unpacking locales (2.23-0ubuntu5) over (2.23-0ubuntu4) ...
    azure-arm: Preparing to unpack .../libc-bin_2.23-0ubuntu5_amd64.deb ...
    azure-arm: Unpacking libc-bin (2.23-0ubuntu5) over (2.23-0ubuntu4) ...
    azure-arm: Processing triggers for man-db (2.7.5-1) ...
    azure-arm: Setting up libc-bin (2.23-0ubuntu5) ...
    azure-arm: (Reading database ... 61252 files and directories currently installed.)
    azure-arm: Preparing to unpack .../libpython3.5_3.5.2-2ubuntu0~16.04.1_amd64.deb ...
    azure-arm: Unpacking libpython3.5:amd64 (3.5.2-2ubuntu0~16.04.1) over (3.5.2-2~16.04) ...
    azure-arm: Preparing to unpack .../python3.5_3.5.2-2ubuntu0~16.04.1_amd64.deb ...
    azure-arm: Unpacking python3.5 (3.5.2-2ubuntu0~16.04.1) over (3.5.2-2~16.04) ...
    azure-arm: Preparing to unpack .../libpython3.5-stdlib_3.5.2-2ubuntu0~16.04.1_amd64.deb ...
    azure-arm: Unpacking libpython3.5-stdlib:amd64 (3.5.2-2ubuntu0~16.04.1) over (3.5.2-2~16.04) ...
    azure-arm: Preparing to unpack .../python3.5-minimal_3.5.2-2ubuntu0~16.04.1_amd64.deb ...
    azure-arm: Unpacking python3.5-minimal (3.5.2-2ubuntu0~16.04.1) over (3.5.2-2~16.04) ...
    azure-arm: Preparing to unpack .../libpython3.5-minimal_3.5.2-2ubuntu0~16.04.1_amd64.deb ...
    azure-arm: Unpacking libpython3.5-minimal:amd64 (3.5.2-2ubuntu0~16.04.1) over (3.5.2-2~16.04) ...
    azure-arm: Preparing to unpack .../liblxc1_2.0.5-0ubuntu1~ubuntu16.04.3_amd64.deb ...
    azure-arm: Unpacking liblxc1 (2.0.5-0ubuntu1~ubuntu16.04.3) over (2.0.5-0ubuntu1~ubuntu16.04.2) ...
    azure-arm: Preparing to unpack .../lxc-common_2.0.5-0ubuntu1~ubuntu16.04.3_amd64.deb ...
    azure-arm: Unpacking lxc-common (2.0.5-0ubuntu1~ubuntu16.04.3) over (2.0.5-0ubuntu1~ubuntu16.04.2) ...
    azure-arm: Preparing to unpack .../lxd-client_2.0.8-0ubuntu1~ubuntu16.04.2_amd64.deb ...
    azure-arm: Unpacking lxd-client (2.0.8-0ubuntu1~ubuntu16.04.2) over (2.0.5-0ubuntu1~ubuntu16.04.1) ...
    azure-arm: Preparing to unpack .../lxd_2.0.8-0ubuntu1~ubuntu16.04.2_amd64.deb ...
    azure-arm: Warning: Stopping lxd.service, but it can still be activated by:
    azure-arm: lxd.socket
    azure-arm: Unpacking lxd (2.0.8-0ubuntu1~ubuntu16.04.2) over (2.0.5-0ubuntu1~ubuntu16.04.1) ...
    azure-arm: Warning: Stopping lxd.service, but it can still be activated by:
    azure-arm: lxd.socket
    azure-arm: Preparing to unpack .../open-iscsi_2.0.873+git0.3b4b4500-14ubuntu3.2_amd64.deb ...
    azure-arm: debconf: unable to initialize frontend: Dialog
    azure-arm: debconf: (Dialog frontend will not work on a dumb terminal, an emacs shell buffer, or without a controlling terminal.)
    azure-arm: debconf: falling back to frontend: Readline
    azure-arm: debconf: unable to initialize frontend: Dialog
    azure-arm: debconf: (Dialog frontend will not work on a dumb terminal, an emacs shell buffer, or without a controlling terminal.)
    azure-arm: debconf: falling back to frontend: Readline
    azure-arm: Unpacking open-iscsi (2.0.873+git0.3b4b4500-14ubuntu3.2) over (2.0.873+git0.3b4b4500-14ubuntu3.1) ...
    azure-arm: Preparing to unpack .../libpython2.7_2.7.12-1ubuntu0~16.04.1_amd64.deb ...
    azure-arm: Unpacking libpython2.7:amd64 (2.7.12-1ubuntu0~16.04.1) over (2.7.12-1~16.04) ...
    azure-arm: Preparing to unpack .../python2.7_2.7.12-1ubuntu0~16.04.1_amd64.deb ...
    azure-arm: Unpacking python2.7 (2.7.12-1ubuntu0~16.04.1) over (2.7.12-1~16.04) ...
    azure-arm: Preparing to unpack .../libpython2.7-stdlib_2.7.12-1ubuntu0~16.04.1_amd64.deb ...
    azure-arm: Unpacking libpython2.7-stdlib:amd64 (2.7.12-1ubuntu0~16.04.1) over (2.7.12-1~16.04) ...
    azure-arm: Preparing to unpack .../python2.7-minimal_2.7.12-1ubuntu0~16.04.1_amd64.deb ...
    azure-arm: Unpacking python2.7-minimal (2.7.12-1ubuntu0~16.04.1) over (2.7.12-1~16.04) ...
    azure-arm: Preparing to unpack .../libpython2.7-minimal_2.7.12-1ubuntu0~16.04.1_amd64.deb ...
    azure-arm: Unpacking libpython2.7-minimal:amd64 (2.7.12-1ubuntu0~16.04.1) over (2.7.12-1~16.04) ...
    azure-arm: Preparing to unpack .../multiarch-support_2.23-0ubuntu5_amd64.deb ...
    azure-arm: Unpacking multiarch-support (2.23-0ubuntu5) over (2.23-0ubuntu4) ...
    azure-arm: Processing triggers for libc-bin (2.23-0ubuntu5) ...
    azure-arm: Processing triggers for mime-support (3.59ubuntu1) ...
    azure-arm: Processing triggers for man-db (2.7.5-1) ...
    azure-arm: Processing triggers for ureadahead (0.100.0-19) ...
    azure-arm: Processing triggers for systemd (229-4ubuntu12) ...
    azure-arm: Processing triggers for initramfs-tools (0.122ubuntu8.5) ...
    azure-arm: update-initramfs: Generating /boot/initrd.img-4.4.0-47-generic
    azure-arm: W: mdadm: /etc/mdadm/mdadm.conf defines no arrays.
    azure-arm: Setting up multiarch-support (2.23-0ubuntu5) ...
    azure-arm: (Reading database ... 61253 files and directories currently installed.)
    azure-arm: Preparing to unpack .../libprocps4_2%3a3.3.10-4ubuntu2.3_amd64.deb ...
    azure-arm: Unpacking libprocps4:amd64 (2:3.3.10-4ubuntu2.3) over (2:3.3.10-4ubuntu2) ...
    azure-arm: Preparing to unpack .../procps_2%3a3.3.10-4ubuntu2.3_amd64.deb ...
    azure-arm: Unpacking procps (2:3.3.10-4ubuntu2.3) over (2:3.3.10-4ubuntu2) ...
    azure-arm: Preparing to unpack .../tzdata_2016j-0ubuntu0.16.04_all.deb ...
    azure-arm: Unpacking tzdata (2016j-0ubuntu0.16.04) over (2016h-0ubuntu0.16.04) ...
    azure-arm: Preparing to unpack .../libisc-export160_1%3a9.10.3.dfsg.P4-8ubuntu1.3_amd64.deb ...
    azure-arm: Unpacking libisc-export160 (1:9.10.3.dfsg.P4-8ubuntu1.3) over (1:9.10.3.dfsg.P4-8ubuntu1.2) ...
    azure-arm: Preparing to unpack .../libdns-export162_1%3a9.10.3.dfsg.P4-8ubuntu1.3_amd64.deb ...
    azure-arm: Unpacking libdns-export162 (1:9.10.3.dfsg.P4-8ubuntu1.3) over (1:9.10.3.dfsg.P4-8ubuntu1.2) ...
    azure-arm: Preparing to unpack .../isc-dhcp-client_4.3.3-5ubuntu12.4_amd64.deb ...
    azure-arm: Unpacking isc-dhcp-client (4.3.3-5ubuntu12.4) over (4.3.3-5ubuntu12.3) ...
    azure-arm: Preparing to unpack .../isc-dhcp-common_4.3.3-5ubuntu12.4_amd64.deb ...
    azure-arm: Unpacking isc-dhcp-common (4.3.3-5ubuntu12.4) over (4.3.3-5ubuntu12.3) ...
    azure-arm: Preparing to unpack .../vim_2%3a7.4.1689-3ubuntu1.2_amd64.deb ...
    azure-arm: Unpacking vim (2:7.4.1689-3ubuntu1.2) over (2:7.4.1689-3ubuntu1.1) ...
    azure-arm: Preparing to unpack .../vim-tiny_2%3a7.4.1689-3ubuntu1.2_amd64.deb ...
    azure-arm: Unpacking vim-tiny (2:7.4.1689-3ubuntu1.2) over (2:7.4.1689-3ubuntu1.1) ...
    azure-arm: Preparing to unpack .../vim-runtime_2%3a7.4.1689-3ubuntu1.2_all.deb ...
    azure-arm: Unpacking vim-runtime (2:7.4.1689-3ubuntu1.2) over (2:7.4.1689-3ubuntu1.1) ...
    azure-arm: Preparing to unpack .../vim-common_2%3a7.4.1689-3ubuntu1.2_amd64.deb ...
    azure-arm: Unpacking vim-common (2:7.4.1689-3ubuntu1.2) over (2:7.4.1689-3ubuntu1.1) ...
    azure-arm: Preparing to unpack .../dnsutils_1%3a9.10.3.dfsg.P4-8ubuntu1.3_amd64.deb ...
    azure-arm: Unpacking dnsutils (1:9.10.3.dfsg.P4-8ubuntu1.3) over (1:9.10.3.dfsg.P4-8ubuntu1.2) ...
    azure-arm: Preparing to unpack .../bind9-host_1%3a9.10.3.dfsg.P4-8ubuntu1.3_amd64.deb ...
    azure-arm: Unpacking bind9-host (1:9.10.3.dfsg.P4-8ubuntu1.3) over (1:9.10.3.dfsg.P4-8ubuntu1.2) ...
    azure-arm: Preparing to unpack .../libisc160_1%3a9.10.3.dfsg.P4-8ubuntu1.3_amd64.deb ...
    azure-arm: Unpacking libisc160:amd64 (1:9.10.3.dfsg.P4-8ubuntu1.3) over (1:9.10.3.dfsg.P4-8ubuntu1.2) ...
    azure-arm: Preparing to unpack .../libdns162_1%3a9.10.3.dfsg.P4-8ubuntu1.3_amd64.deb ...
    azure-arm: Unpacking libdns162:amd64 (1:9.10.3.dfsg.P4-8ubuntu1.3) over (1:9.10.3.dfsg.P4-8ubuntu1.2) ...
    azure-arm: Preparing to unpack .../libisccc140_1%3a9.10.3.dfsg.P4-8ubuntu1.3_amd64.deb ...
    azure-arm: Unpacking libisccc140:amd64 (1:9.10.3.dfsg.P4-8ubuntu1.3) over (1:9.10.3.dfsg.P4-8ubuntu1.2) ...
    azure-arm: Preparing to unpack .../libisccfg140_1%3a9.10.3.dfsg.P4-8ubuntu1.3_amd64.deb ...
    azure-arm: Unpacking libisccfg140:amd64 (1:9.10.3.dfsg.P4-8ubuntu1.3) over (1:9.10.3.dfsg.P4-8ubuntu1.2) ...
    azure-arm: Preparing to unpack .../liblwres141_1%3a9.10.3.dfsg.P4-8ubuntu1.3_amd64.deb ...
    azure-arm: Unpacking liblwres141:amd64 (1:9.10.3.dfsg.P4-8ubuntu1.3) over (1:9.10.3.dfsg.P4-8ubuntu1.2) ...
    azure-arm: Preparing to unpack .../libbind9-140_1%3a9.10.3.dfsg.P4-8ubuntu1.3_amd64.deb ...
    azure-arm: Unpacking libbind9-140:amd64 (1:9.10.3.dfsg.P4-8ubuntu1.3) over (1:9.10.3.dfsg.P4-8ubuntu1.2) ...
    azure-arm: Preparing to unpack .../ubuntu-release-upgrader-core_1%3a16.04.19_all.deb ...
    azure-arm: Unpacking ubuntu-release-upgrader-core (1:16.04.19) over (1:16.04.17) ...
    azure-arm: Preparing to unpack .../python3-distupgrade_1%3a16.04.19_all.deb ...
    azure-arm: Unpacking python3-distupgrade (1:16.04.19) over (1:16.04.17) ...
    azure-arm: Preparing to unpack .../python3-problem-report_2.20.1-0ubuntu2.2_all.deb ...
    azure-arm: Unpacking python3-problem-report (2.20.1-0ubuntu2.2) over (2.20.1-0ubuntu2.1) ...
    azure-arm: Preparing to unpack .../python3-apport_2.20.1-0ubuntu2.2_all.deb ...
    azure-arm: Unpacking python3-apport (2.20.1-0ubuntu2.2) over (2.20.1-0ubuntu2.1) ...
    azure-arm: Preparing to unpack .../apport_2.20.1-0ubuntu2.2_all.deb ...
    azure-arm: Unpacking apport (2.20.1-0ubuntu2.2) over (2.20.1-0ubuntu2.1) ...
    azure-arm: Preparing to unpack .../linux-cloud-tools-common_4.4.0-53.74_all.deb ...
    azure-arm: Unpacking linux-cloud-tools-common (4.4.0-53.74) over (4.4.0-47.68) ...
    azure-arm: Preparing to unpack .../linux-firmware_1.157.5_all.deb ...
    azure-arm: Unpacking linux-firmware (1.157.5) over (1.157.4) ...
    azure-arm: Preparing to unpack .../python3-cryptography_1.2.3-1ubuntu0.1_amd64.deb ...
    azure-arm: Unpacking python3-cryptography (1.2.3-1ubuntu0.1) over (1.2.3-1) ...
    azure-arm: Preparing to unpack .../snapd_2.17.1ubuntu1_amd64.deb ...
    azure-arm: Warning: Stopping snapd.service, but it can still be activated by:
    azure-arm: snapd.socket
    azure-arm: Unpacking snapd (2.17.1ubuntu1) over (2.16ubuntu3) ...
    azure-arm: Preparing to unpack .../unattended-upgrades_0.90ubuntu0.2_all.deb ...
    azure-arm: Unpacking unattended-upgrades (0.90ubuntu0.2) over (0.90ubuntu0.1) ...
    azure-arm: Preparing to unpack .../cloud-init_0.7.8-49-g9e904bb-0ubuntu1~16.04.1_all.deb ...
    azure-arm: Unpacking cloud-init (0.7.8-49-g9e904bb-0ubuntu1~16.04.1) over (0.7.8-1-g3705bb5-0ubuntu1~16.04.3) ...
    azure-arm: Preparing to unpack .../walinuxagent_2.1.5-0ubuntu4~16.04.0_amd64.deb ...
    azure-arm: Unpacking walinuxagent (2.1.5-0ubuntu4~16.04.0) over (2.1.3-0ubuntu4.2) ...
    azure-arm: Processing triggers for libc-bin (2.23-0ubuntu5) ...
    azure-arm: Processing triggers for systemd (229-4ubuntu12) ...
    azure-arm: Processing triggers for ureadahead (0.100.0-19) ...
    azure-arm: Processing triggers for man-db (2.7.5-1) ...
    azure-arm: Processing triggers for mime-support (3.59ubuntu1) ...
    azure-arm: Processing triggers for shared-mime-info (1.5-2ubuntu0.1) ...
    azure-arm: Setting up locales (2.23-0ubuntu5) ...
    azure-arm: debconf: unable to initialize frontend: Dialog
    azure-arm: debconf: (Dialog frontend will not work on a dumb terminal, an emacs shell buffer, or without a controlling terminal.)
    azure-arm: debconf: falling back to frontend: Readline
    azure-arm: Generating locales (this might take a while)...
    azure-arm: en_US.UTF-8... done
    azure-arm: Generation complete.
    azure-arm: Setting up libpython3.5-minimal:amd64 (3.5.2-2ubuntu0~16.04.1) ...
    azure-arm: Setting up libpython3.5-stdlib:amd64 (3.5.2-2ubuntu0~16.04.1) ...
    azure-arm: Setting up libpython3.5:amd64 (3.5.2-2ubuntu0~16.04.1) ...
    azure-arm: Setting up python3.5-minimal (3.5.2-2ubuntu0~16.04.1) ...
    azure-arm: Setting up python3.5 (3.5.2-2ubuntu0~16.04.1) ...
    azure-arm: Setting up lxd-client (2.0.8-0ubuntu1~ubuntu16.04.2) ...
    azure-arm: Setting up open-iscsi (2.0.873+git0.3b4b4500-14ubuntu3.2) ...
    azure-arm: debconf: unable to initialize frontend: Dialog
    azure-arm: debconf: (Dialog frontend will not work on a dumb terminal, an emacs shell buffer, or without a controlling terminal.)
    azure-arm: debconf: falling back to frontend: Readline
    azure-arm: Setting up libpython2.7-minimal:amd64 (2.7.12-1ubuntu0~16.04.1) ...
    azure-arm: Setting up libpython2.7-stdlib:amd64 (2.7.12-1ubuntu0~16.04.1) ...
    azure-arm: Setting up libpython2.7:amd64 (2.7.12-1ubuntu0~16.04.1) ...
    azure-arm: Setting up python2.7-minimal (2.7.12-1ubuntu0~16.04.1) ...
    azure-arm: Setting up python2.7 (2.7.12-1ubuntu0~16.04.1) ...
    azure-arm: Setting up libprocps4:amd64 (2:3.3.10-4ubuntu2.3) ...
    azure-arm: Setting up procps (2:3.3.10-4ubuntu2.3) ...
    azure-arm: update-rc.d: warning: start and stop actions are no longer supported; falling back to defaults
    azure-arm: Setting up tzdata (2016j-0ubuntu0.16.04) ...
    azure-arm: debconf: unable to initialize frontend: Dialog
    azure-arm: debconf: (Dialog frontend will not work on a dumb terminal, an emacs shell buffer, or without a controlling terminal.)
    azure-arm: debconf: falling back to frontend: Readline
    azure-arm:
    azure-arm: Current default time zone: 'Etc/UTC'
    azure-arm: Local time is now:      Fri Dec  9 09:17:32 UTC 2016.
    azure-arm: Universal Time is now:  Fri Dec  9 09:17:32 UTC 2016.
    azure-arm: Run 'dpkg-reconfigure tzdata' if you wish to change it.
    azure-arm:
    azure-arm: Setting up libisc-export160 (1:9.10.3.dfsg.P4-8ubuntu1.3) ...
    azure-arm: Setting up libdns-export162 (1:9.10.3.dfsg.P4-8ubuntu1.3) ...
    azure-arm: Setting up isc-dhcp-client (4.3.3-5ubuntu12.4) ...
    azure-arm: Setting up isc-dhcp-common (4.3.3-5ubuntu12.4) ...
    azure-arm: Setting up vim-common (2:7.4.1689-3ubuntu1.2) ...
    azure-arm: Setting up vim-runtime (2:7.4.1689-3ubuntu1.2) ...
    azure-arm: Setting up vim (2:7.4.1689-3ubuntu1.2) ...
    azure-arm: Setting up vim-tiny (2:7.4.1689-3ubuntu1.2) ...
    azure-arm: Setting up libisc160:amd64 (1:9.10.3.dfsg.P4-8ubuntu1.3) ...
    azure-arm: Setting up libdns162:amd64 (1:9.10.3.dfsg.P4-8ubuntu1.3) ...
    azure-arm: Setting up libisccc140:amd64 (1:9.10.3.dfsg.P4-8ubuntu1.3) ...
    azure-arm: Setting up libisccfg140:amd64 (1:9.10.3.dfsg.P4-8ubuntu1.3) ...
    azure-arm: Setting up libbind9-140:amd64 (1:9.10.3.dfsg.P4-8ubuntu1.3) ...
    azure-arm: Setting up liblwres141:amd64 (1:9.10.3.dfsg.P4-8ubuntu1.3) ...
    azure-arm: Setting up bind9-host (1:9.10.3.dfsg.P4-8ubuntu1.3) ...
    azure-arm: Setting up dnsutils (1:9.10.3.dfsg.P4-8ubuntu1.3) ...
    azure-arm: Setting up python3-distupgrade (1:16.04.19) ...
    azure-arm: Setting up ubuntu-release-upgrader-core (1:16.04.19) ...
    azure-arm: Setting up python3-problem-report (2.20.1-0ubuntu2.2) ...
    azure-arm: Setting up python3-apport (2.20.1-0ubuntu2.2) ...
    azure-arm: Setting up apport (2.20.1-0ubuntu2.2) ...
    azure-arm: Setting up linux-cloud-tools-common (4.4.0-53.74) ...
    azure-arm: Setting up linux-firmware (1.157.5) ...
    azure-arm: Setting up python3-cryptography (1.2.3-1ubuntu0.1) ...
    azure-arm: Setting up snapd (2.17.1ubuntu1) ...
    azure-arm: Setting up unattended-upgrades (0.90ubuntu0.2) ...
    azure-arm: debconf: unable to initialize frontend: Dialog
    azure-arm: debconf: (Dialog frontend will not work on a dumb terminal, an emacs shell buffer, or without a controlling terminal.)
    azure-arm: debconf: falling back to frontend: Readline
    azure-arm: update-rc.d: warning: start and stop actions are no longer supported; falling back to defaults
    azure-arm: Setting up cloud-init (0.7.8-49-g9e904bb-0ubuntu1~16.04.1) ...
    azure-arm: Installing new version of config file /etc/cloud/cloud.cfg ...
    azure-arm: debconf: unable to initialize frontend: Dialog
    azure-arm: debconf: (Dialog frontend will not work on a dumb terminal, an emacs shell buffer, or without a controlling terminal.)
    azure-arm: debconf: falling back to frontend: Readline
    azure-arm: Leaving 'diversion of /etc/init/ureadahead.conf to /etc/init/ureadahead.conf.disabled by cloud-init'
    azure-arm: cloud-init postinst fixed /etc/fstab for x-systemd.requires
    azure-arm: Setting up walinuxagent (2.1.5-0ubuntu4~16.04.0) ...
    azure-arm: Installing new version of config file /etc/waagent.conf ...
    azure-arm: update-initramfs: deferring update (trigger activated)
    azure-arm: Setting up liblxc1 (2.0.5-0ubuntu1~ubuntu16.04.3) ...
    azure-arm: Setting up lxc-common (2.0.5-0ubuntu1~ubuntu16.04.3) ...
    azure-arm: Setting up lxd (2.0.8-0ubuntu1~ubuntu16.04.2) ...
    azure-arm: Processing triggers for libc-bin (2.23-0ubuntu5) ...
    azure-arm: Processing triggers for initramfs-tools (0.122ubuntu8.5) ...
    azure-arm: update-initramfs: Generating /boot/initrd.img-4.4.0-47-generic
    azure-arm: W: mdadm: /etc/mdadm/mdadm.conf defines no arrays.
    azure-arm: Reading package lists...
    azure-arm: Building dependency tree...
    azure-arm: Reading state information...
    azure-arm: The following additional packages will be installed:
    azure-arm: ieee-data python-ecdsa python-httplib2 python-jinja2 python-markupsafe
    azure-arm: python-netaddr python-paramiko python-pkg-resources python-selinux
    azure-arm: python-six python-yaml
    azure-arm: Suggested packages:
    azure-arm: sshpass python-jinja2-doc ipython python-netaddr-docs python-setuptools
    azure-arm: The following NEW packages will be installed:
    azure-arm: ansible ieee-data python-ecdsa python-httplib2 python-jinja2
    azure-arm: python-markupsafe python-netaddr python-paramiko python-pkg-resources
    azure-arm: python-selinux python-six python-yaml
    azure-arm: 0 upgraded, 12 newly installed, 0 to remove and 7 not upgraded.
    azure-arm: Need to get 2,494 kB/2,718 kB of archives.
    azure-arm: After this operation, 16.4 MB of additional disk space will be used.
    azure-arm: Get:1 http://azure.archive.ubuntu.com/ubuntu xenial/main amd64 python-markupsafe amd64 0.23-2build2 [15.5 kB]
    azure-arm: Get:2 http://azure.archive.ubuntu.com/ubuntu xenial/main amd64 python-jinja2 all 2.8-1 [109 kB]
    azure-arm: Get:3 http://azure.archive.ubuntu.com/ubuntu xenial/main amd64 python-ecdsa all 0.13-2 [34.0 kB]
    azure-arm: Get:4 http://azure.archive.ubuntu.com/ubuntu xenial/main amd64 python-paramiko all 1.16.0-1 [109 kB]
    azure-arm: Get:5 http://azure.archive.ubuntu.com/ubuntu xenial/main amd64 python-httplib2 all 0.9.1+dfsg-1 [34.2 kB]
    azure-arm: Get:6 http://azure.archive.ubuntu.com/ubuntu xenial/main amd64 ieee-data all 20150531.1 [830 kB]
    azure-arm: Get:7 http://azure.archive.ubuntu.com/ubuntu xenial/main amd64 python-netaddr all 0.7.18-1 [174 kB]
    azure-arm: Get:8 http://azure.archive.ubuntu.com/ubuntu xenial-updates/universe amd64 ansible all 2.0.0.2-2ubuntu1 [1,016 kB]
    azure-arm: Get:9 http://azure.archive.ubuntu.com/ubuntu xenial/universe amd64 python-selinux amd64 2.4-3build2 [173 kB]
    azure-arm: debconf: unable to initialize frontend: Dialog
    azure-arm: debconf: (Dialog frontend will not work on a dumb terminal, an emacs shell buffer, or without a controlling terminal.)
    azure-arm: debconf: falling back to frontend: Readline
    azure-arm: debconf: unable to initialize frontend: Readline
    azure-arm: debconf: (This frontend requires a controlling tty.)
    azure-arm: debconf: falling back to frontend: Teletype
    azure-arm: dpkg-preconfigure: unable to re-open stdin:
    azure-arm: Fetched 2,494 kB in 0s (14.2 MB/s)
    azure-arm: Selecting previously unselected package python-markupsafe.
    azure-arm: (Reading database ... 61344 files and directories currently installed.)
    azure-arm: Preparing to unpack .../python-markupsafe_0.23-2build2_amd64.deb ...
    azure-arm: Unpacking python-markupsafe (0.23-2build2) ...
    azure-arm: Selecting previously unselected package python-jinja2.
    azure-arm: Preparing to unpack .../python-jinja2_2.8-1_all.deb ...
    azure-arm: Unpacking python-jinja2 (2.8-1) ...
    azure-arm: Selecting previously unselected package python-six.
    azure-arm: Preparing to unpack .../python-six_1.10.0-3_all.deb ...
    azure-arm: Unpacking python-six (1.10.0-3) ...
    azure-arm: Selecting previously unselected package python-ecdsa.
    azure-arm: Preparing to unpack .../python-ecdsa_0.13-2_all.deb ...
    azure-arm: Unpacking python-ecdsa (0.13-2) ...
    azure-arm: Selecting previously unselected package python-paramiko.
    azure-arm: Preparing to unpack .../python-paramiko_1.16.0-1_all.deb ...
    azure-arm: Unpacking python-paramiko (1.16.0-1) ...
    azure-arm: Selecting previously unselected package python-pkg-resources.
    azure-arm: Preparing to unpack .../python-pkg-resources_20.7.0-1_all.deb ...
    azure-arm: Unpacking python-pkg-resources (20.7.0-1) ...
    azure-arm: Selecting previously unselected package python-yaml.
    azure-arm: Preparing to unpack .../python-yaml_3.11-3build1_amd64.deb ...
    azure-arm: Unpacking python-yaml (3.11-3build1) ...
    azure-arm: Selecting previously unselected package python-httplib2.
    azure-arm: Preparing to unpack .../python-httplib2_0.9.1+dfsg-1_all.deb ...
    azure-arm: Unpacking python-httplib2 (0.9.1+dfsg-1) ...
    azure-arm: Selecting previously unselected package ieee-data.
    azure-arm: Preparing to unpack .../ieee-data_20150531.1_all.deb ...
    azure-arm: Unpacking ieee-data (20150531.1) ...
    azure-arm: Selecting previously unselected package python-netaddr.
    azure-arm: Preparing to unpack .../python-netaddr_0.7.18-1_all.deb ...
    azure-arm: Unpacking python-netaddr (0.7.18-1) ...
    azure-arm: Selecting previously unselected package ansible.
    azure-arm: Preparing to unpack .../ansible_2.0.0.2-2ubuntu1_all.deb ...
    azure-arm: Unpacking ansible (2.0.0.2-2ubuntu1) ...
    azure-arm: Selecting previously unselected package python-selinux.
    azure-arm: Preparing to unpack .../python-selinux_2.4-3build2_amd64.deb ...
    azure-arm: Unpacking python-selinux (2.4-3build2) ...
    azure-arm: Processing triggers for man-db (2.7.5-1) ...
    azure-arm: Setting up python-markupsafe (0.23-2build2) ...
    azure-arm: Setting up python-jinja2 (2.8-1) ...
    azure-arm: Setting up python-six (1.10.0-3) ...
    azure-arm: Setting up python-ecdsa (0.13-2) ...
    azure-arm: Setting up python-paramiko (1.16.0-1) ...
    azure-arm: Setting up python-pkg-resources (20.7.0-1) ...
    azure-arm: Setting up python-yaml (3.11-3build1) ...
    azure-arm: Setting up python-httplib2 (0.9.1+dfsg-1) ...
    azure-arm: Setting up ieee-data (20150531.1) ...
    azure-arm: Setting up python-netaddr (0.7.18-1) ...
    azure-arm: Setting up ansible (2.0.0.2-2ubuntu1) ...
    azure-arm: Setting up python-selinux (2.4-3build2) ...
==> azure-arm: Uploading ../data.php => /tmp/data.php
==> azure-arm: Uploading ../drill.html => /tmp/drill.html
==> azure-arm: Uploading ../index.html => /tmp/index.html
==> azure-arm: Uploading ../dist => /tmp/dist
==> azure-arm: Provisioning with Ansible...
    azure-arm: Creating Ansible staging directory...
    azure-arm: Creating directory: /tmp/packer-provisioner-ansible-local
    azure-arm: Uploading main Playbook file...
    azure-arm: Uploading inventory file...
    azure-arm: Executing Ansible: cd /tmp/packer-provisioner-ansible-local && ANSIBLE_FORCE_COLOR=1 PYTHONUNBUFFERED=1 ansible-playbook /tmp/packer-provisioner-ansible-local/phpapp-packer-ansible-provisioner.yml -c local -i /tmp/packer-provisioner-ansible-local/packer-provisioner-ansible-local930546591
    azure-arm: [0;35m[DEPRECATION WARNING]: Instead of sudo/sudo_user, use become/become_user and
    azure-arm: make sure become_method is 'sudo' (default). This feature will be removed in a
    azure-arm: future release. Deprecation warnings can be disabled by setting
    azure-arm: deprecation_warnings=False in ansible.cfg.[0m
    azure-arm:
    azure-arm: PLAY ***************************************************************************
    azure-arm:
    azure-arm: TASK [setup] *******************************************************************
    azure-arm: [0;32mok: [127.0.0.1][0m
    azure-arm:
    azure-arm: TASK [Install Packages] ********************************************************
    azure-arm: [0;33mchanged: [127.0.0.1] => (item=[u'apache2', u'libapache2-mod-php', u'git', u'curl'])[0m
    azure-arm:
    azure-arm: TASK [copy index.html] *********************************************************
    azure-arm: [0;33mchanged: [127.0.0.1][0m
    azure-arm:
    azure-arm: TASK [copy data.php] ***********************************************************
    azure-arm: [0;33mchanged: [127.0.0.1][0m
    azure-arm:
    azure-arm: TASK [copy drill.html] *********************************************************
    azure-arm: [0;33mchanged: [127.0.0.1][0m
    azure-arm:
    azure-arm: TASK [copy dist directory] *****************************************************
    azure-arm: [0;33mchanged: [127.0.0.1][0m
    azure-arm:
    azure-arm: RUNNING HANDLER [Restart Apache] ***********************************************
    azure-arm: [0;33mchanged: [127.0.0.1][0m
    azure-arm:
    azure-arm: PLAY RECAP *********************************************************************
    azure-arm: [0;33m127.0.0.1[0m                  : [0;32mok[0m[0;32m=[0m[0;32m7[0m    [0;33mchanged[0m[0;33m=[0m[0;33m6[0m    unreachable=0    failed=0
    azure-arm:
==> azure-arm: Provisioning with shell script: C:\Users\*********\AppData\Local\Temp\packer-shell603151147
    azure-arm: WARNING! The waagent service will be stopped.
    azure-arm: WARNING! Cached DHCP leases will be deleted.
    azure-arm: WARNING! root password will be disabled. You will not be able to login as root.
    azure-arm: WARNING! packer account and entire home directory will be deleted.
    azure-arm: WARNING! Nameserver configuration in /etc/resolvconf/resolv.conf.d/{tail,originial} will be deleted.
    azure-arm: 2016/12/09 09:21:26.856249 INFO resolvconf is enabled; leaving /etc/resolv.conf intact
==> azure-arm: Querying the machine's properties ...
==> azure-arm:  -> ResourceGroupName : 'packer-Resource-Group-*********'
==> azure-arm:  -> ComputeName       : 'pkrvm*********'
==> azure-arm:  -> OS Disk           : 'https://*********/images/pkros*********.vhd'
==> azure-arm: Powering off machine ...
==> azure-arm:  -> ResourceGroupName : 'packer-Resource-Group-*********'
==> azure-arm:  -> ComputeName       : 'pkrvm*********'
==> azure-arm: Capturing image ...
==> azure-arm:  -> ResourceGroupName : 'packer-Resource-Group-*********'
==> azure-arm:  -> ComputeName       : 'pkrvm*********'
==> azure-arm: Deleting resource group ...
==> azure-arm:  -> ResourceGroupName : 'packer-Resource-Group-*********'
==> azure-arm: Deleting the temporary OS disk ...
==> azure-arm:  -> OS Disk             : 'https://*********/images/pkros*********.vhd'
==> azure-arm: 
==> azure-arm: Cleanup requested, deleting resource group ...
==> azure-arm: Error deleting resource group.  Please delete it manually.
==> azure-arm: 
==> azure-arm: Name: packer-Resource-Group-*********
==> azure-arm: Error: azure#updatePollingState: Azure Polling Error - Unable to obtain polling URI for DELETE : StatusCode=0
==> azure-arm: Resource group has been deleted.
Build 'azure-arm' finished.

==> Builds finished. The artifacts of successful builds are:
--> azure-arm: Azure.ResourceManagement.VMImage:

StorageAccountLocation: westus
OSDiskUri: https://*********/system/Microsoft.Compute/Images/images/packer-osDisk.5a892bb0-*********-410f-8198-92c8b140390e.vhd
OSDiskUriReadOnlySas: https://*********/system/Microsoft.Compute/Images/images/packer-osDisk.5a892bb0-*********-410f-8198-92c8b140390e.vhd?se=2017-01-09T09%3A30%3A20Z&sig=fR%2FvGl%2FoHKqYxvQ1gBP2pdZ%2BGwchv6zyUgCtE%2Beu%2BsU%3D&sp=r&sr=b&sv=2015-02-21
TemplateUri: https://*********/system/Microsoft.Compute/Images/images/packer-vmTemplate.5a892bb0-*********-410f-8198-92c8b140390e.json
TemplateUriReadOnlySas: https://*********/system/Microsoft.Compute/Images/images/packer-vmTemplate.5a892bb0-*********-410f-8198-92c8b140390e.json?se=2017-01-09T09%3A30%3A20Z&sig=6xEt0Vn7aR3C0FLQ%2F7vKtfbNlsykkzD7lIKhxrUHhbI%3D&sp=r&sr=b&sv=2015-02-21

